<?xml version="1.0" encoding="UTF-8"?>
<!-- Generated by org.testng.reporters.JUnitReportReporter -->
<testsuite hostname="DESKTOP-PVNJI3N" failures="0" tests="3" name="testscripts.TestOrangeHrmPim" time="97.685" errors="0" timestamp="2023-09-12T16:32:55 IST" skipped="0">
  <testcase classname="testscripts.TestOrangeHrmPim" name="testPimCreation" time="33.139"/>
  <system-out/>
  <testcase classname="testscripts.TestOrangeHrmPim" name="testPimEdit" time="31.648"/>
  <system-out/>
  <testcase classname="testscripts.TestOrangeHrmPim" name="testPimDeletion" time="32.898"/>
  <system-out/>
</testsuite> <!-- testscripts.TestOrangeHrmPim -->
