<?xml version="1.0" encoding="UTF-8"?>
<!-- Generated by org.testng.reporters.JUnitReportReporter -->
<testsuite skipped="0" hostname="DESKTOP-LLLGMOJ" name="testscripts.TestOrangeHrmPim" tests="2" failures="0" timestamp="2023-09-07T09:04:42 IST" time="57.791" errors="0">
  <testcase name="testPimCreation" time="32.614" classname="testscripts.TestOrangeHrmPim"/>
  <system-out/>
  <testcase name="testPimDeletion" time="25.177" classname="testscripts.TestOrangeHrmPim"/>
  <system-out/>
</testsuite> <!-- testscripts.TestOrangeHrmPim -->
